Determining if the pthread_create exist failed with the following output:
Change Dir: /home/ros/catkin_ws/protobuf/build/CMakeFiles/CMakeTmp

Run Build Command:"/usr/bin/ninja" "cmTC_6baf2"
[1/2] Building C object CMakeFiles/cmTC_6baf2.dir/CheckSymbolExists.c.o
[2/2] Linking C executable cmTC_6baf2
FAILED: cmTC_6baf2 
: && /usr/bin/cc   -rdynamic CMakeFiles/cmTC_6baf2.dir/CheckSymbolExists.c.o  -o cmTC_6baf2   && :
CMakeFiles/cmTC_6baf2.dir/CheckSymbolExists.c.o: In function `main':
CheckSymbolExists.c:(.text+0x14): undefined reference to `pthread_create'
CheckSymbolExists.c:(.text+0x18): undefined reference to `pthread_create'
collect2: error: ld returned 1 exit status
ninja: build stopped: subcommand failed.

File /home/ros/catkin_ws/protobuf/build/CMakeFiles/CMakeTmp/CheckSymbolExists.c:
/* */
#include <pthread.h>

int main(int argc, char** argv)
{
  (void)argv;
#ifndef pthread_create
  return ((int*)(&pthread_create))[argc];
#else
  (void)argc;
  return 0;
#endif
}

Determining if the function pthread_create exists in the pthreads failed with the following output:
Change Dir: /home/ros/catkin_ws/protobuf/build/CMakeFiles/CMakeTmp

Run Build Command:"/usr/bin/ninja" "cmTC_347b7"
[1/2] Building C object CMakeFiles/cmTC_347b7.dir/CheckFunctionExists.c.o
[2/2] Linking C executable cmTC_347b7
FAILED: cmTC_347b7 
: && /usr/bin/cc -DCHECK_FUNCTION_EXISTS=pthread_create  -rdynamic CMakeFiles/cmTC_347b7.dir/CheckFunctionExists.c.o  -o cmTC_347b7  -lpthreads && :
/usr/bin/ld: cannot find -lpthreads
collect2: error: ld returned 1 exit status
ninja: build stopped: subcommand failed.


